<?xml version="1.0" encoding="UTF-8"?>
<!-- Generated by org.testng.reporters.JUnitXMLReporter -->
<testsuite ignored="0" hostname="DESKTOP-J0SOEVV" failures="0" tests="3" name="Default test" time="0.08" errors="0" timestamp="2020-06-05T00:03:21 IST">
  <testcase classname="Package1.TestNGClass" name="Test3" time="0.012"/>
  <testcase classname="Package1.TestNGClass" name="Test2" time="0.003"/>
  <testcase classname="Package1.TestNGClass" name="Test1" time="0.008">
    <skipped/>
  </testcase> <!-- Test1 -->
</testsuite> <!-- Default test -->
