<?xml version="1.0" encoding="UTF-8" ?>
<testsuite tests="2" failures="0" name="TestSuite" time="19.152" errors="0" skipped="1">
  <properties>
[...]
</properties>
  <testcase classname="com.qtpselenium.rediff.hybrid.suiteA.CreateAccount" name="createAccount" time="0.025">
    <skipped/>
    <system-out>*** CreateAccount
C:\Users\DHANAPAL\Documents\Selenium Code - Oct 18\Selenium Code - Oct 18\code\Module 24 -  Testng Hybrid\Module 21\Jan 18 release\HybridRediff\Files\SuiteA.xlsx
CreateAccount
Row Number of test is 1
Total Cols - 7
Total Rows 1
{Username=ashishth1983@gmail.com, Password=kumar1985, Mobile No=9976349820, Runmode=Y, Confirm Password=kumar1985, User Full Name=Kumaravel, Browser=Chrome}
----------------
D:\Reports\Sun_Jun_07_22_46_19_IST_2020//Report.html
</system-out>
  </testcase>
  <testcase classname="com.qtpselenium.rediff.hybrid.suiteA.CreateAccount" name="loginTest" time="19.127"/>
</testsuite>