<?xml version="1.0" encoding="UTF-8"?>
<!-- Generated by org.testng.reporters.JUnitXMLReporter -->
<testsuite ignored="0" hostname="DESKTOP-J0SOEVV" failures="0" tests="11" name="Test" time="0.301" errors="0" timestamp="2020-06-06T00:31:19 IST">
  <testcase classname="Package1.DataProvideer" name="Test1" time="0.004"/>
  <testcase classname="Package1.DataProvideer" name="Test1" time="0.0"/>
  <testcase classname="Package1.DataProvideer" name="Test2" time="0.001"/>
  <testcase classname="Package1.DataProvideer" name="Test2" time="0.001"/>
  <testcase classname="SuiteA.TestA" name="TestB" time="0.001"/>
  <testcase classname="SuiteA.TestB" name="Test1" time="0.0"/>
  <testcase classname="SuiteB.SuiteBTEst" name="searchSuiteB" time="0.001"/>
  <testcase classname="Package1.AssertEx" name="Test1" time="0.003"/>
  <testcase classname="Package1.TestNGClass" name="Test3" time="0.001"/>
  <testcase classname="Package1.TestNGClass" name="Test2" time="0.001"/>
  <testcase classname="Package1.TestNGClass" name="Test1" time="0.002">
    <skipped/>
  </testcase> <!-- Test1 -->
</testsuite> <!-- Test -->
