<?xml version="1.0" encoding="UTF-8"?>
<!-- Generated by org.testng.reporters.JUnitXMLReporter -->
<testsuite ignored="0" hostname="DESKTOP-J0SOEVV" failures="0" tests="2" name="Test" time="22.839" errors="0" timestamp="2020-06-07T22:46:40 IST">
  <testcase classname="com.qtpselenium.rediff.hybrid.suiteA.CreateAccount" name="createAccount" time="0.015">
    <skipped/>
  </testcase> <!-- createAccount -->
  <testcase classname="com.qtpselenium.rediff.hybrid.suiteA.CreateAccount" name="loginTest" time="19.236"/>
</testsuite> <!-- Test -->
